# Logfile created on 2021-01-06 13:26:13 +0000 by logger.rb/66358
A, [2021-01-06T13:26:13.839775 #3469]   ANY -- : healthd daemon 1.0.6 initialized
W, [2021-01-06T13:26:13.920446 #3469]  WARN -- : log file "/var/log/nginx/healthd/application.log.2021-01-06-13" does not exist
W, [2021-01-06T13:26:18.920711 #3469]  WARN -- : log file "/var/log/nginx/healthd/application.log.2021-01-06-13" does not exist
W, [2021-01-06T13:26:23.920958 #3469]  WARN -- : log file "/var/log/nginx/healthd/application.log.2021-01-06-13" does not exist
F, [2021-01-06T13:34:37.394223 #3469] FATAL -- : /opt/elasticbeanstalk/lib/ruby/lib/ruby/gems/2.6.0/gems/puma-4.3.5/lib/puma/launcher.rb:432:in `block in setup_signals': SIGTERM (SignalException)
	from /opt/elasticbeanstalk/lib/ruby/lib/ruby/gems/2.6.0/gems/puma-4.3.5/lib/puma/single.rb:117:in `join'
	from /opt/elasticbeanstalk/lib/ruby/lib/ruby/gems/2.6.0/gems/puma-4.3.5/lib/puma/single.rb:117:in `run'
	from /opt/elasticbeanstalk/lib/ruby/lib/ruby/gems/2.6.0/gems/puma-4.3.5/lib/puma/launcher.rb:172:in `run'
	from /opt/elasticbeanstalk/lib/ruby/lib/ruby/gems/2.6.0/gems/puma-4.3.5/lib/puma/cli.rb:80:in `run'
	from /opt/elasticbeanstalk/lib/ruby/lib/ruby/gems/2.6.0/gems/healthd-1.0.6/bin/healthd:112:in `block in <top (required)>'
	from /opt/elasticbeanstalk/lib/ruby/lib/ruby/gems/2.6.0/gems/healthd-1.0.6/bin/healthd:19:in `chdir'
	from /opt/elasticbeanstalk/lib/ruby/lib/ruby/gems/2.6.0/gems/healthd-1.0.6/bin/healthd:19:in `<top (required)>'
	from /opt/elasticbeanstalk/lib/ruby/bin/healthd:23:in `load'
	from /opt/elasticbeanstalk/lib/ruby/bin/healthd:23:in `<main>'
A, [2021-01-06T13:34:38.584455 #3856]   ANY -- : healthd daemon 1.0.6 initialized
W, [2021-01-06T13:34:48.873476 #3856]  WARN -- : discarding statistic item after validation error (Invalid timestamp): {:id=>"0", :namespace=>"application", :timestamp=>1609939920, :data=>"{\"duration\":10,\"latency_histogram\":[[0.002,2]],\"http_counters\":{\"status_302\":2,\"request_count\":2}}"}
W, [2021-01-06T13:34:48.873552 #3856]  WARN -- : discarding statistic item after validation error (Invalid timestamp): {:id=>"1", :namespace=>"application", :timestamp=>1609939930, :data=>"{\"duration\":10,\"latency_histogram\":[[0.003,1]],\"http_counters\":{\"status_302\":1,\"request_count\":1}}"}
W, [2021-01-06T13:34:48.873582 #3856]  WARN -- : discarding statistic item after validation error (Invalid timestamp): {:id=>"2", :namespace=>"application", :timestamp=>1609939940, :data=>"{\"duration\":10,\"latency_histogram\":[[0.002,1]],\"http_counters\":{\"status_302\":1,\"request_count\":1}}"}
W, [2021-01-06T13:34:48.873605 #3856]  WARN -- : discarding statistic item after validation error (Invalid timestamp): {:id=>"3", :namespace=>"application", :timestamp=>1609939950, :data=>"{\"duration\":10,\"latency_histogram\":[[0.002,1],[0.003,1]],\"http_counters\":{\"status_302\":2,\"request_count\":2}}"}
W, [2021-01-06T13:34:48.873628 #3856]  WARN -- : discarding statistic item after validation error (Invalid timestamp): {:id=>"4", :namespace=>"application", :timestamp=>1609939960, :data=>"{\"duration\":10,\"latency_histogram\":[[0.003,1]],\"http_counters\":{\"status_302\":1,\"request_count\":1}}"}
W, [2021-01-06T13:34:48.873650 #3856]  WARN -- : discarding statistic item after validation error (Invalid timestamp): {:id=>"5", :namespace=>"application", :timestamp=>1609939970, :data=>"{\"duration\":10,\"latency_histogram\":[[0.002,1]],\"http_counters\":{\"status_302\":1,\"request_count\":1}}"}
W, [2021-01-06T13:34:48.873672 #3856]  WARN -- : discarding statistic item after validation error (Invalid timestamp): {:id=>"6", :namespace=>"application", :timestamp=>1609939980, :data=>"{\"duration\":10,\"latency_histogram\":[[0.002,2]],\"http_counters\":{\"status_302\":2,\"request_count\":2}}"}
W, [2021-01-06T13:34:48.873694 #3856]  WARN -- : discarding statistic item after validation error (Invalid timestamp): {:id=>"7", :namespace=>"application", :timestamp=>1609939990, :data=>"{\"duration\":10,\"latency_histogram\":[[0.004,1]],\"http_counters\":{\"status_302\":1,\"request_count\":1}}"}
W, [2021-01-06T13:34:58.612699 #3856]  WARN -- : discarding statistic item after validation error (Invalid timestamp): {:id=>"0", :namespace=>"application", :timestamp=>1609939740, :data=>"{\"duration\":10,\"latency_histogram\":[[0.002,1],[0.003,1],[0.005,1],[0.008,1],[0.01,1],[0.015,1],[0.027,1],[0.115,1],[1.046,1]],\"http_counters\":{\"status_302\":4,\"request_count\":9,\"status_200\":5}}"}
W, [2021-01-06T13:34:58.612781 #3856]  WARN -- : discarding statistic item after validation error (Invalid timestamp): {:id=>"1", :namespace=>"application", :timestamp=>1609939750, :data=>"{\"duration\":10,\"latency_histogram\":[[0.003,1],[0.004,2],[0.006,1],[0.008,1],[0.015,2],[0.016,2],[0.025,1],[0.771,1]],\"http_counters\":{\"status_200\":10,\"request_count\":11,\"status_302\":1}}"}
W, [2021-01-06T13:34:58.612810 #3856]  WARN -- : discarding statistic item after validation error (Invalid timestamp): {:id=>"2", :namespace=>"application", :timestamp=>1609939760, :data=>"{\"duration\":10,\"latency_histogram\":[[0.002,1]],\"http_counters\":{\"status_302\":1,\"request_count\":1}}"}
W, [2021-01-06T13:34:58.612833 #3856]  WARN -- : discarding statistic item after validation error (Invalid timestamp): {:id=>"3", :namespace=>"application", :timestamp=>1609939770, :data=>"{\"duration\":10,\"latency_histogram\":[[0.002,1],[0.005,1]],\"http_counters\":{\"status_302\":2,\"request_count\":2}}"}
W, [2021-01-06T13:34:58.612855 #3856]  WARN -- : discarding statistic item after validation error (Invalid timestamp): {:id=>"4", :namespace=>"application", :timestamp=>1609939780, :data=>"{\"duration\":10,\"latency_histogram\":[[0.003,1]],\"http_counters\":{\"status_302\":1,\"request_count\":1}}"}
W, [2021-01-06T13:34:58.612877 #3856]  WARN -- : discarding statistic item after validation error (Invalid timestamp): {:id=>"5", :namespace=>"application", :timestamp=>1609939790, :data=>"{\"duration\":10,\"latency_histogram\":[[0.003,1]],\"http_counters\":{\"status_302\":1,\"request_count\":1}}"}
W, [2021-01-06T13:34:58.612899 #3856]  WARN -- : discarding statistic item after validation error (Invalid timestamp): {:id=>"6", :namespace=>"application", :timestamp=>1609939800, :data=>"{\"duration\":10,\"latency_histogram\":[[0.003,1],[0.005,1],[0.023,1],[0.117,1]],\"http_counters\":{\"status_302\":3,\"request_count\":4,\"status_200\":1}}"}
W, [2021-01-06T13:34:58.612920 #3856]  WARN -- : discarding statistic item after validation error (Invalid timestamp): {:id=>"7", :namespace=>"application", :timestamp=>1609939810, :data=>"{\"duration\":10,\"latency_histogram\":[[0.005,1]],\"http_counters\":{\"status_302\":1,\"request_count\":1}}"}
W, [2021-01-06T13:34:58.612941 #3856]  WARN -- : discarding statistic item after validation error (Invalid timestamp): {:id=>"8", :namespace=>"application", :timestamp=>1609939820, :data=>"{\"duration\":10,\"latency_histogram\":[[0.002,1]],\"http_counters\":{\"status_302\":1,\"request_count\":1}}"}
W, [2021-01-06T13:34:58.612962 #3856]  WARN -- : discarding statistic item after validation error (Invalid timestamp): {:id=>"9", :namespace=>"application", :timestamp=>1609939830, :data=>"{\"duration\":10,\"latency_histogram\":[[0.003,1],[0.005,1]],\"http_counters\":{\"status_302\":2,\"request_count\":2}}"}
W, [2021-01-06T13:34:58.612984 #3856]  WARN -- : discarding statistic item after validation error (Invalid timestamp): {:id=>"10", :namespace=>"application", :timestamp=>1609939840, :data=>"{\"duration\":10,\"latency_histogram\":[[0.003,1]],\"http_counters\":{\"status_302\":1,\"request_count\":1}}"}
W, [2021-01-06T13:34:58.613024 #3856]  WARN -- : discarding statistic item after validation error (Invalid timestamp): {:id=>"11", :namespace=>"application", :timestamp=>1609939850, :data=>"{\"duration\":10,\"latency_histogram\":[[0.003,1]],\"http_counters\":{\"status_302\":1,\"request_count\":1}}"}
W, [2021-01-06T13:34:58.613053 #3856]  WARN -- : discarding statistic item after validation error (Invalid timestamp): {:id=>"12", :namespace=>"application", :timestamp=>1609939860, :data=>"{\"duration\":10,\"latency_histogram\":[[0.002,2]],\"http_counters\":{\"status_302\":2,\"request_count\":2}}"}
W, [2021-01-06T13:34:58.613087 #3856]  WARN -- : discarding statistic item after validation error (Invalid timestamp): {:id=>"13", :namespace=>"application", :timestamp=>1609939870, :data=>"{\"duration\":10,\"latency_histogram\":[[0.003,1]],\"http_counters\":{\"status_302\":1,\"request_count\":1}}"}
W, [2021-01-06T13:34:58.613110 #3856]  WARN -- : discarding statistic item after validation error (Invalid timestamp): {:id=>"14", :namespace=>"application", :timestamp=>1609939880, :data=>"{\"duration\":10,\"latency_histogram\":[[0.002,1]],\"http_counters\":{\"status_302\":1,\"request_count\":1}}"}
W, [2021-01-06T13:34:58.613131 #3856]  WARN -- : discarding statistic item after validation error (Invalid timestamp): {:id=>"15", :namespace=>"application", :timestamp=>1609939890, :data=>"{\"duration\":10,\"latency_histogram\":[[0.003,2]],\"http_counters\":{\"status_302\":2,\"request_count\":2}}"}
W, [2021-01-06T13:34:58.613153 #3856]  WARN -- : discarding statistic item after validation error (Invalid timestamp): {:id=>"16", :namespace=>"application", :timestamp=>1609939900, :data=>"{\"duration\":10,\"latency_histogram\":[[0.003,1]],\"http_counters\":{\"status_302\":1,\"request_count\":1}}"}
W, [2021-01-06T13:34:58.613174 #3856]  WARN -- : discarding statistic item after validation error (Invalid timestamp): {:id=>"17", :namespace=>"application", :timestamp=>1609939910, :data=>"{\"duration\":10,\"latency_histogram\":[[0.005,1]],\"http_counters\":{\"status_302\":1,\"request_count\":1}}"}
W, [2021-01-06T13:35:08.643668 #3856]  WARN -- : discarding statistic item after validation error (Invalid timestamp): {:id=>"0", :namespace=>"application", :timestamp=>1609939590, :data=>"{\"duration\":10,\"latency_histogram\":[[5.005,1]],\"http_counters\":{\"status_499\":1,\"request_count\":1}}"}
W, [2021-01-06T13:35:08.643752 #3856]  WARN -- : discarding statistic item after validation error (Invalid timestamp): {:id=>"1", :namespace=>"application", :timestamp=>1609939600, :data=>"{\"duration\":10,\"latency_histogram\":[[0.006,1]],\"http_counters\":{\"status_302\":1,\"request_count\":1}}"}
W, [2021-01-06T13:35:08.643783 #3856]  WARN -- : discarding statistic item after validation error (Invalid timestamp): {:id=>"2", :namespace=>"application", :timestamp=>1609939620, :data=>"{\"duration\":10,\"latency_histogram\":[[0.003,1],[0.005,1]],\"http_counters\":{\"status_302\":2,\"request_count\":2}}"}
W, [2021-01-06T13:35:08.643806 #3856]  WARN -- : discarding statistic item after validation error (Invalid timestamp): {:id=>"3", :namespace=>"application", :timestamp=>1609939630, :data=>"{\"duration\":10,\"latency_histogram\":[[0.003,1]],\"http_counters\":{\"status_302\":1,\"request_count\":1}}"}
W, [2021-01-06T13:35:08.643829 #3856]  WARN -- : discarding statistic item after validation error (Invalid timestamp): {:id=>"4", :namespace=>"application", :timestamp=>1609939640, :data=>"{\"duration\":10,\"latency_histogram\":[[0.004,1]],\"http_counters\":{\"status_302\":1,\"request_count\":1}}"}
W, [2021-01-06T13:35:08.643853 #3856]  WARN -- : discarding statistic item after validation error (Invalid timestamp): {:id=>"5", :namespace=>"application", :timestamp=>1609939650, :data=>"{\"duration\":10,\"latency_histogram\":[[0.003,1],[0.006,1],[0.007,1],[0.01,1]],\"http_counters\":{\"status_302\":3,\"request_count\":4,\"status_200\":1}}"}
W, [2021-01-06T13:35:08.643875 #3856]  WARN -- : discarding statistic item after validation error (Invalid timestamp): {:id=>"6", :namespace=>"application", :timestamp=>1609939660, :data=>"{\"duration\":10,\"latency_histogram\":[[0.003,1],[0.039,1]],\"http_counters\":{\"status_302\":2,\"request_count\":2}}"}
W, [2021-01-06T13:35:08.643900 #3856]  WARN -- : discarding statistic item after validation error (Invalid timestamp): {:id=>"7", :namespace=>"application", :timestamp=>1609939670, :data=>"{\"duration\":10,\"latency_histogram\":[[0.003,2],[0.062,1]],\"http_counters\":{\"status_302\":1,\"request_count\":3,\"status_200\":2}}"}
W, [2021-01-06T13:35:08.643922 #3856]  WARN -- : discarding statistic item after validation error (Invalid timestamp): {:id=>"8", :namespace=>"application", :timestamp=>1609939680, :data=>"{\"duration\":10,\"latency_histogram\":[[0.003,2]],\"http_counters\":{\"status_302\":2,\"request_count\":2}}"}
W, [2021-01-06T13:35:08.643956 #3856]  WARN -- : discarding statistic item after validation error (Invalid timestamp): {:id=>"9", :namespace=>"application", :timestamp=>1609939690, :data=>"{\"duration\":10,\"latency_histogram\":[[0.003,1]],\"http_counters\":{\"status_302\":1,\"request_count\":1}}"}
W, [2021-01-06T13:35:08.643980 #3856]  WARN -- : discarding statistic item after validation error (Invalid timestamp): {:id=>"10", :namespace=>"application", :timestamp=>1609939700, :data=>"{\"duration\":10,\"latency_histogram\":[[0.003,1]],\"http_counters\":{\"status_302\":1,\"request_count\":1}}"}
W, [2021-01-06T13:35:08.644001 #3856]  WARN -- : discarding statistic item after validation error (Invalid timestamp): {:id=>"11", :namespace=>"application", :timestamp=>1609939710, :data=>"{\"duration\":10,\"latency_histogram\":[[0.002,1],[0.003,1]],\"http_counters\":{\"status_302\":2,\"request_count\":2}}"}
W, [2021-01-06T13:35:08.644022 #3856]  WARN -- : discarding statistic item after validation error (Invalid timestamp): {:id=>"12", :namespace=>"application", :timestamp=>1609939720, :data=>"{\"duration\":10,\"latency_histogram\":[[0.004,1]],\"http_counters\":{\"status_302\":1,\"request_count\":1}}"}
W, [2021-01-06T13:35:08.644044 #3856]  WARN -- : discarding statistic item after validation error (Invalid timestamp): {:id=>"13", :namespace=>"application", :timestamp=>1609939730, :data=>"{\"duration\":10,\"latency_histogram\":[[0.003,1],[0.037,1],[0.273,1]],\"http_counters\":{\"status_302\":2,\"request_count\":3,\"status_200\":1}}"}
