2021-01-06 13:24:49,008 P3204 [INFO] ************************************************************
2021-01-06 13:24:49,008 P3204 [INFO] ConfigSet _OnInstanceBoot
2021-01-06 13:24:49,016 P3204 [INFO] ++++++++++++++++++++++++++++++++++++++++++++++++++++++++++++
2021-01-06 13:24:49,017 P3204 [INFO] Config AWSEBBaseConfig
2021-01-06 13:24:49,236 P3204 [INFO] ============================================================
2021-01-06 13:24:49,236 P3204 [INFO] Command clearbackupfiles
2021-01-06 13:24:49,252 P3204 [INFO] Completed successfully.
2021-01-06 13:24:49,257 P3204 [INFO] ++++++++++++++++++++++++++++++++++++++++++++++++++++++++++++
2021-01-06 13:24:49,257 P3204 [INFO] Config AWSEBCfnHupEndpointOverride
2021-01-06 13:24:49,262 P3204 [INFO] ============================================================
2021-01-06 13:24:49,262 P3204 [INFO] Command clearbackupfiles
2021-01-06 13:24:49,271 P3204 [INFO] Completed successfully.
2021-01-06 13:26:12,106 P3399 [INFO] ************************************************************
2021-01-06 13:26:12,106 P3399 [INFO] ConfigSet Infra-EmbeddedPreBuild
2021-01-06 13:26:14,336 P3502 [INFO] ************************************************************
2021-01-06 13:26:14,336 P3502 [INFO] ConfigSet Infra-EmbeddedPostBuild
2021-01-06 13:34:36,902 P3738 [INFO] ************************************************************
2021-01-06 13:34:36,902 P3738 [INFO] ConfigSet Infra-EmbeddedPreBuild
2021-01-06 13:34:39,355 P3889 [INFO] ************************************************************
2021-01-06 13:34:39,356 P3889 [INFO] ConfigSet Infra-EmbeddedPostBuild
