[2021-01-06T13:24:47Z] Started EB User Data
+ SLEEP_TIME=10
+ SLEEP_TIME_MAX=3600
+ true
+ curl https://elasticbeanstalk-platform-assets-us-east-1.s3.amazonaws.com/stalks/eb_tomcat85corretto11_amazon_linux_2_1.0.469.0_20201223180723/lib/UserDataScript.sh
  % Total    % Received % Xferd  Average Speed   Time    Time     Time  Current
                                 Dload  Upload   Total   Spent    Left  Speed
  0     0    0     0    0     0      0      0 --:--:-- --:--:-- --:--:--     0100  4327  100  4327    0     0  60943      0 --:--:-- --:--:-- --:--:-- 60943
+ RESULT=0
+ [[ 0 -ne 0 ]]
+ SLEEP_TIME=2
+ /bin/bash /tmp/ebbootstrap.sh 'https://cloudformation-waitcondition-us-east-1.s3.amazonaws.com/arn%3Aaws%3Acloudformation%3Aus-east-1%3A172172108913%3Astack/awseb-e-be4trbcbjn-stack/5d6ac2c0-5022-11eb-b5a6-0e11b1578967/AWSEBInstanceLaunchWaitHandle?X-Amz-Algorithm=AWS4-HMAC-SHA256&X-Amz-Date=20210106T132335Z&X-Amz-SignedHeaders=host&X-Amz-Expires=86399&X-Amz-Credential=AKIAIIT3CWAIMJYUTISA%2F20210106%2Fus-east-1%2Fs3%2Faws4_request&X-Amz-Signature=d368a630d5dfa05330815156a58f10e15e25da6842edf0d1c57dcd53260509cc' arn:aws:cloudformation:us-east-1:172172108913:stack/awseb-e-be4trbcbjn-stack/5d6ac2c0-5022-11eb-b5a6-0e11b1578967 8bbfd38a-7f5f-4bc5-b6a2-5ca4cd5525e3 https://elasticbeanstalk-health.us-east-1.amazonaws.com '' https://elasticbeanstalk-platform-assets-us-east-1.s3.amazonaws.com/stalks/eb_tomcat85corretto11_amazon_linux_2_1.0.469.0_20201223180723/lib/platform-engine.zip us-east-1
[2021-01-06T13:24:48.051Z] Started EB Bootstrapping Script.
[2021-01-06T13:24:48.074Z] Received parameters:
 RPMS = 
 TARBALLS = 
 EB_GEMS = 
 SIGNAL_URL = https://cloudformation-waitcondition-us-east-1.s3.amazonaws.com/arn%3Aaws%3Acloudformation%3Aus-east-1%3A172172108913%3Astack/awseb-e-be4trbcbjn-stack/5d6ac2c0-5022-11eb-b5a6-0e11b1578967/AWSEBInstanceLaunchWaitHandle?X-Amz-Algorithm=AWS4-HMAC-SHA256&X-Amz-Date=20210106T132335Z&X-Amz-SignedHeaders=host&X-Amz-Expires=86399&X-Amz-Credential=AKIAIIT3CWAIMJYUTISA%2F20210106%2Fus-east-1%2Fs3%2Faws4_request&X-Amz-Signature=d368a630d5dfa05330815156a58f10e15e25da6842edf0d1c57dcd53260509cc
 STACK_ID = arn:aws:cloudformation:us-east-1:172172108913:stack/awseb-e-be4trbcbjn-stack/5d6ac2c0-5022-11eb-b5a6-0e11b1578967
 REGION = us-east-1
 GUID = 
 HEALTHD_GROUP_ID = 8bbfd38a-7f5f-4bc5-b6a2-5ca4cd5525e3
 HEALTHD_ENDPOINT = https://elasticbeanstalk-health.us-east-1.amazonaws.com
 PROXY_SERVER = 
 HEALTHD_PROXY_LOG_LOCATION = 
 ENGINE_URL = https://elasticbeanstalk-platform-assets-us-east-1.s3.amazonaws.com/stalks/eb_tomcat85corretto11_amazon_linux_2_1.0.469.0_20201223180723/lib/platform-engine.zip
[2021-01-06T13:24:48.122Z] first init of instance.
[2021-01-06T13:24:48.142Z] Started executing cfn_init _OnInstanceBoot.
[2021-01-06T13:24:48.170Z] Running cfn-init ConfigSet: _OnInstanceBoot.
[2021-01-06T13:24:48.178Z] Using stack-id from userdata
[2021-01-06T13:24:49.310Z] Command Returned: 
[2021-01-06T13:24:49.330Z] Completed executing cfn_init.
[2021-01-06T13:24:49.346Z] finished _OnInstanceBoot
--2021-01-06 13:24:49--  https://elasticbeanstalk-platform-assets-us-east-1.s3.amazonaws.com/stalks/eb_tomcat85corretto11_amazon_linux_2_1.0.469.0_20201223180723/lib/platform-engine.zip
Resolving elasticbeanstalk-platform-assets-us-east-1.s3.amazonaws.com (elasticbeanstalk-platform-assets-us-east-1.s3.amazonaws.com)... 52.217.76.204
Connecting to elasticbeanstalk-platform-assets-us-east-1.s3.amazonaws.com (elasticbeanstalk-platform-assets-us-east-1.s3.amazonaws.com)|52.217.76.204|:443... connected.
HTTP request sent, awaiting response... 200 OK
Length: 20566741 (20M) [application/zip]
Saving to: ‘/tmp/platform-engine.zip’

     0K .......... .......... .......... .......... ..........  0% 7.19M 3s
    50K .......... .......... .......... .......... ..........  0% 55.7M 2s
   100K .......... .......... .......... .......... ..........  0% 5.26M 2s
   150K .......... .......... .......... .......... ..........  0% 58.4M 2s
   200K .......... .......... .......... .......... ..........  1% 56.9M 1s
   250K .......... .......... .......... .......... ..........  1% 61.7M 1s
   300K .......... .......... .......... .......... ..........  1% 57.2M 1s
   350K .......... .......... .......... .......... ..........  1% 61.2M 1s
   400K .......... .......... .......... .......... ..........  2% 54.8M 1s
   450K .......... .......... .......... .......... ..........  2% 39.9M 1s
   500K .......... .......... .......... .......... ..........  2% 8.23M 1s
   550K .......... .......... .......... .......... ..........  2% 74.9M 1s
   600K .......... .......... .......... .......... ..........  3% 53.8M 1s
   650K .......... .......... .......... .......... ..........  3% 55.5M 1s
   700K .......... .......... .......... .......... ..........  3% 62.3M 1s
   750K .......... .......... .......... .......... ..........  3% 15.2M 1s
   800K .......... .......... .......... .......... ..........  4% 58.7M 1s
   850K .......... .......... .......... .......... ..........  4% 56.4M 1s
   900K .......... .......... .......... .......... ..........  4% 55.8M 1s
   950K .......... .......... .......... .......... ..........  4% 57.7M 1s
  1000K .......... .......... .......... .......... ..........  5% 23.4M 1s
  1050K .......... .......... .......... .......... ..........  5% 78.6M 1s
  1100K .......... .......... .......... .......... ..........  5% 65.5M 1s
  1150K .......... .......... .......... .......... ..........  5% 21.3M 1s
  1200K .......... .......... .......... .......... ..........  6% 88.4M 1s
  1250K .......... .......... .......... .......... ..........  6% 10.4M 1s
  1300K .......... .......... .......... .......... ..........  6% 81.7M 1s
  1350K .......... .......... .......... .......... ..........  6% 16.9M 1s
  1400K .......... .......... .......... .......... ..........  7% 74.0M 1s
  1450K .......... .......... .......... .......... ..........  7% 59.7M 1s
  1500K .......... .......... .......... .......... ..........  7% 5.70M 1s
  1550K .......... .......... .......... .......... ..........  7% 30.1M 1s
  1600K .......... .......... .......... .......... ..........  8% 55.9M 1s
  1650K .......... .......... .......... .......... ..........  8% 27.3M 1s
  1700K .......... .......... .......... .......... ..........  8% 55.7M 1s
  1750K .......... .......... .......... .......... ..........  8% 32.3M 1s
  1800K .......... .......... .......... .......... ..........  9% 33.0M 1s
  1850K .......... .......... .......... .......... ..........  9% 33.5M 1s
  1900K .......... .......... .......... .......... ..........  9% 34.7M 1s
  1950K .......... .......... .......... .......... ..........  9% 62.7M 1s
  2000K .......... .......... .......... .......... .......... 10% 33.6M 1s
  2050K .......... .......... .......... .......... .......... 10% 30.9M 1s
  2100K .......... .......... .......... .......... .......... 10% 38.2M 1s
  2150K .......... .......... .......... .......... .......... 10% 30.8M 1s
  2200K .......... .......... .......... .......... .......... 11% 88.8M 1s
  2250K .......... .......... .......... .......... .......... 11% 5.22M 1s
  2300K .......... .......... .......... .......... .......... 11% 96.5M 1s
  2350K .......... .......... .......... .......... .......... 11% 98.5M 1s
  2400K .......... .......... .......... .......... .......... 12% 20.6M 1s
  2450K .......... .......... .......... .......... .......... 12% 70.9M 1s
  2500K .......... .......... .......... .......... .......... 12% 91.0M 1s
  2550K .......... .......... .......... .......... .......... 12% 71.5M 1s
  2600K .......... .......... .......... .......... .......... 13% 21.7M 1s
  2650K .......... .......... .......... .......... .......... 13% 58.7M 1s
  2700K .......... .......... .......... .......... .......... 13% 92.4M 1s
  2750K .......... .......... .......... .......... .......... 13% 97.9M 1s
  2800K .......... .......... .......... .......... .......... 14% 22.1M 1s
  2850K .......... .......... .......... .......... .......... 14% 56.3M 1s
  2900K .......... .......... .......... .......... .......... 14% 62.5M 1s
  2950K .......... .......... .......... .......... .......... 14% 23.4M 1s
  3000K .......... .......... .......... .......... .......... 15% 59.8M 1s
  3050K .......... .......... .......... .......... .......... 15% 74.7M 1s
  3100K .......... .......... .......... .......... .......... 15% 92.2M 1s
  3150K .......... .......... .......... .......... .......... 15% 4.46M 1s
  3200K .......... .......... .......... .......... .......... 16% 86.9M 1s
  3250K .......... .......... .......... .......... .......... 16% 65.3M 1s
  3300K .......... .......... .......... .......... .......... 16% 57.7M 1s
  3350K .......... .......... .......... .......... .......... 16% 58.3M 1s
  3400K .......... .......... .......... .......... .......... 17% 56.3M 1s
  3450K .......... .......... .......... .......... .......... 17% 59.8M 1s
  3500K .......... .......... .......... .......... .......... 17% 61.6M 1s
  3550K .......... .......... .......... .......... .......... 17% 35.4M 1s
  3600K .......... .......... .......... .......... .......... 18% 30.6M 1s
  3650K .......... .......... .......... .......... .......... 18% 95.4M 1s
  3700K .......... .......... .......... .......... .......... 18% 93.2M 1s
  3750K .......... .......... .......... .......... .......... 18% 23.1M 1s
  3800K .......... .......... .......... .......... .......... 19% 42.8M 1s
  3850K .......... .......... .......... .......... .......... 19% 6.95M 1s
  3900K .......... .......... .......... .......... .......... 19% 28.0M 1s
  3950K .......... .......... .......... .......... .......... 19% 56.9M 1s
  4000K .......... .......... .......... .......... .......... 20% 27.9M 1s
  4050K .......... .......... .......... .......... .......... 20% 98.4M 1s
  4100K .......... .......... .......... .......... .......... 20% 78.2M 1s
  4150K .......... .......... .......... .......... .......... 20% 30.1M 1s
  4200K .......... .......... .......... .......... .......... 21% 54.4M 1s
  4250K .......... .......... .......... .......... .......... 21% 21.4M 1s
  4300K .......... .......... .......... .......... .......... 21% 63.8M 1s
  4350K .......... .......... .......... .......... .......... 21% 75.7M 1s
  4400K .......... .......... .......... .......... .......... 22% 39.2M 1s
  4450K .......... .......... .......... .......... .......... 22% 4.42M 1s
  4500K .......... .......... .......... .......... .......... 22%  106M 1s
  4550K .......... .......... .......... .......... .......... 22% 92.9M 1s
  4600K .......... .......... .......... .......... .......... 23% 58.5M 1s
  4650K .......... .......... .......... .......... .......... 23% 56.6M 1s
  4700K .......... .......... .......... .......... .......... 23% 53.7M 1s
  4750K .......... .......... .......... .......... .......... 23% 20.6M 1s
  4800K .......... .......... .......... .......... .......... 24% 58.7M 1s
  4850K .......... .......... .......... .......... .......... 24% 89.8M 1s
  4900K .......... .......... .......... .......... .......... 24% 97.6M 1s
  4950K .......... .......... .......... .......... .......... 24% 21.2M 1s
  5000K .......... .......... .......... .......... .......... 25% 57.7M 1s
  5050K .......... .......... .......... .......... .......... 25% 91.7M 1s
  5100K .......... .......... .......... .......... .......... 25% 84.1M 1s
  5150K .......... .......... .......... .......... .......... 25% 22.2M 1s
  5200K .......... .......... .......... .......... .......... 26% 58.9M 1s
  5250K .......... .......... .......... .......... .......... 26% 7.15M 1s
  5300K .......... .......... .......... .......... .......... 26% 92.0M 1s
  5350K .......... .......... .......... .......... .......... 26% 25.2M 1s
  5400K .......... .......... .......... .......... .......... 27% 57.8M 1s
  5450K .......... .......... .......... .......... .......... 27% 37.2M 1s
  5500K .......... .......... .......... .......... .......... 27% 33.3M 1s
  5550K .......... .......... .......... .......... .......... 27% 80.2M 0s
  5600K .......... .......... .......... .......... .......... 28% 18.6M 0s
  5650K .......... .......... .......... .......... .......... 28% 57.4M 0s
  5700K .......... .......... .......... .......... .......... 28% 83.7M 0s
  5750K .......... .......... .......... .......... .......... 28% 84.5M 0s
  5800K .......... .......... .......... .......... .......... 29% 66.6M 0s
  5850K .......... .......... .......... .......... .......... 29% 36.3M 0s
  5900K .......... .......... .......... .......... .......... 29% 4.03M 1s
  5950K .......... .......... .......... .......... .......... 29% 10.3M 1s
  6000K .......... .......... .......... .......... .......... 30% 71.4M 1s
  6050K .......... .......... .......... .......... .......... 30% 56.4M 0s
  6100K .......... .......... .......... .......... .......... 30% 59.0M 0s
  6150K .......... .......... .......... .......... .......... 30% 61.9M 0s
  6200K .......... .......... .......... .......... .......... 31% 61.7M 0s
  6250K .......... .......... .......... .......... .......... 31% 56.9M 0s
  6300K .......... .......... .......... .......... .......... 31% 57.0M 0s
  6350K .......... .......... .......... .......... .......... 31% 57.3M 0s
  6400K .......... .......... .......... .......... .......... 32% 22.0M 0s
  6450K .......... .......... .......... .......... .......... 32% 61.7M 0s
  6500K .......... .......... .......... .......... .......... 32% 91.8M 0s
  6550K .......... .......... .......... .......... .......... 32% 48.2M 0s
  6600K .......... .......... .......... .......... .......... 33% 28.5M 0s
  6650K .......... .......... .......... .......... .......... 33% 66.7M 0s
  6700K .......... .......... .......... .......... .......... 33% 7.74M 0s
  6750K .......... .......... .......... .......... .......... 33% 86.6M 0s
  6800K .......... .......... .......... .......... .......... 34% 58.4M 0s
  6850K .......... .......... .......... .......... .......... 34% 56.0M 0s
  6900K .......... .......... .......... .......... .......... 34% 57.6M 0s
  6950K .......... .......... .......... .......... .......... 34% 54.4M 0s
  7000K .......... .......... .......... .......... .......... 35% 55.3M 0s
  7050K .......... .......... .......... .......... .......... 35% 5.98M 0s
  7100K .......... .......... .......... .......... .......... 35% 96.0M 0s
  7150K .......... .......... .......... .......... .......... 35% 92.7M 0s
  7200K .......... .......... .......... .......... .......... 36% 58.4M 0s
  7250K .......... .......... .......... .......... .......... 36% 61.5M 0s
  7300K .......... .......... .......... .......... .......... 36% 51.7M 0s
  7350K .......... .......... .......... .......... .......... 36% 28.3M 0s
  7400K .......... .......... .......... .......... .......... 37% 61.2M 0s
  7450K .......... .......... .......... .......... .......... 37% 9.74M 0s
  7500K .......... .......... .......... .......... .......... 37%  105M 0s
  7550K .......... .......... .......... .......... .......... 37% 58.2M 0s
  7600K .......... .......... .......... .......... .......... 38% 56.7M 0s
  7650K .......... .......... .......... .......... .......... 38% 59.4M 0s
  7700K .......... .......... .......... .......... .......... 38% 56.4M 0s
  7750K .......... .......... .......... .......... .......... 38% 4.83M 0s
  7800K .......... .......... .......... .......... .......... 39% 93.6M 0s
  7850K .......... .......... .......... .......... .......... 39% 90.6M 0s
  7900K .......... .......... .......... .......... .......... 39% 99.9M 0s
  7950K .......... .......... .......... .......... .......... 39% 36.9M 0s
  8000K .......... .......... .......... .......... .......... 40% 24.8M 0s
  8050K .......... .......... .......... .......... .......... 40% 69.3M 0s
  8100K .......... .......... .......... .......... .......... 40% 88.9M 0s
  8150K .......... .......... .......... .......... .......... 40% 33.9M 0s
  8200K .......... .......... .......... .......... .......... 41% 31.9M 0s
  8250K .......... .......... .......... .......... .......... 41% 58.6M 0s
  8300K .......... .......... .......... .......... .......... 41% 40.5M 0s
  8350K .......... .......... .......... .......... .......... 41% 16.4M 0s
  8400K .......... .......... .......... .......... .......... 42% 92.6M 0s
  8450K .......... .......... .......... .......... .......... 42% 97.2M 0s
  8500K .......... .......... .......... .......... .......... 42% 57.4M 0s
  8550K .......... .......... .......... .......... .......... 42% 58.7M 0s
  8600K .......... .......... .......... .......... .......... 43% 56.6M 0s
  8650K .......... .......... .......... .......... .......... 43% 30.6M 0s
  8700K .......... .......... .......... .......... .......... 43% 38.4M 0s
  8750K .......... .......... .......... .......... .......... 43% 5.21M 0s
  8800K .......... .......... .......... .......... .......... 44% 95.8M 0s
  8850K .......... .......... .......... .......... .......... 44% 92.0M 0s
  8900K .......... .......... .......... .......... .......... 44% 62.0M 0s
  8950K .......... .......... .......... .......... .......... 44% 28.0M 0s
  9000K .......... .......... .......... .......... .......... 45% 54.8M 0s
  9050K .......... .......... .......... .......... .......... 45% 21.6M 0s
  9100K .......... .......... .......... .......... .......... 45% 95.1M 0s
  9150K .......... .......... .......... .......... .......... 45% 98.4M 0s
  9200K .......... .......... .......... .......... .......... 46% 64.3M 0s
  9250K .......... .......... .......... .......... .......... 46% 40.4M 0s
  9300K .......... .......... .......... .......... .......... 46% 23.8M 0s
  9350K .......... .......... .......... .......... .......... 46% 82.5M 0s
  9400K .......... .......... .......... .......... .......... 47% 94.0M 0s
  9450K .......... .......... .......... .......... .......... 47% 37.2M 0s
  9500K .......... .......... .......... .......... .......... 47% 6.16M 0s
  9550K .......... .......... .......... .......... .......... 47% 88.2M 0s
  9600K .......... .......... .......... .......... .......... 48% 35.9M 0s
  9650K .......... .......... .......... .......... .......... 48% 75.2M 0s
  9700K .......... .......... .......... .......... .......... 48% 25.6M 0s
  9750K .......... .......... .......... .......... .......... 48% 55.1M 0s
  9800K .......... .......... .......... .......... .......... 49% 10.7M 0s
  9850K .......... .......... .......... .......... .......... 49% 92.0M 0s
  9900K .......... .......... .......... .......... .......... 49% 66.6M 0s
  9950K .......... .......... .......... .......... .......... 49% 57.8M 0s
 10000K .......... .......... .......... .......... .......... 50% 59.0M 0s
 10050K .......... .......... .......... .......... .......... 50% 67.0M 0s
 10100K .......... .......... .......... .......... .......... 50% 61.1M 0s
 10150K .......... .......... .......... .......... .......... 50% 6.17M 0s
 10200K .......... .......... .......... .......... .......... 51% 75.0M 0s
 10250K .......... .......... .......... .......... .......... 51% 17.4M 0s
 10300K .......... .......... .......... .......... .......... 51% 88.0M 0s
 10350K .......... .......... .......... .......... .......... 51% 55.9M 0s
 10400K .......... .......... .......... .......... .......... 52% 59.2M 0s
 10450K .......... .......... .......... .......... .......... 52% 65.3M 0s
 10500K .......... .......... .......... .......... .......... 52% 59.3M 0s
 10550K .......... .......... .......... .......... .......... 52% 32.2M 0s
 10600K .......... .......... .......... .......... .......... 53% 38.1M 0s
 10650K .......... .......... .......... .......... .......... 53% 8.62M 0s
 10700K .......... .......... .......... .......... .......... 53% 91.3M 0s
 10750K .......... .......... .......... .......... .......... 53% 74.2M 0s
 10800K .......... .......... .......... .......... .......... 54% 57.0M 0s
 10850K .......... .......... .......... .......... .......... 54% 61.3M 0s
 10900K .......... .......... .......... .......... .......... 54% 4.85M 0s
 10950K .......... .......... .......... .......... .......... 54% 92.8M 0s
 11000K .......... .......... .......... .......... .......... 55% 94.6M 0s
 11050K .......... .......... .......... .......... .......... 55% 89.1M 0s
 11100K .......... .......... .......... .......... .......... 55% 96.1M 0s
 11150K .......... .......... .......... .......... .......... 55% 66.3M 0s
 11200K .......... .......... .......... .......... .......... 56% 57.8M 0s
 11250K .......... .......... .......... .......... .......... 56% 55.6M 0s
 11300K .......... .......... .......... .......... .......... 56% 32.3M 0s
 11350K .......... .......... .......... .......... .......... 56% 35.6M 0s
 11400K .......... .......... .......... .......... .......... 57% 30.7M 0s
 11450K .......... .......... .......... .......... .......... 57% 62.8M 0s
 11500K .......... .......... .......... .......... .......... 57% 9.25M 0s
 11550K .......... .......... .......... .......... .......... 57% 92.1M 0s
 11600K .......... .......... .......... .......... .......... 58% 56.4M 0s
 11650K .......... .......... .......... .......... .......... 58% 57.4M 0s
 11700K .......... .......... .......... .......... .......... 58% 61.0M 0s
 11750K .......... .......... .......... .......... .......... 58% 60.5M 0s
 11800K .......... .......... .......... .......... .......... 59% 93.4M 0s
 11850K .......... .......... .......... .......... .......... 59% 95.0M 0s
 11900K .......... .......... .......... .......... .......... 59% 6.74M 0s
 11950K .......... .......... .......... .......... .......... 59% 61.4M 0s
 12000K .......... .......... .......... .......... .......... 59% 70.9M 0s
 12050K .......... .......... .......... .......... .......... 60% 23.0M 0s
 12100K .......... .......... .......... .......... .......... 60% 54.2M 0s
 12150K .......... .......... .......... .......... .......... 60% 62.9M 0s
 12200K .......... .......... .......... .......... .......... 60% 57.9M 0s
 12250K .......... .......... .......... .......... .......... 61% 25.6M 0s
 12300K .......... .......... .......... .......... .......... 61% 74.0M 0s
 12350K .......... .......... .......... .......... .......... 61% 41.6M 0s
 12400K .......... .......... .......... .......... .......... 61% 60.7M 0s
 12450K .......... .......... .......... .......... .......... 62% 32.6M 0s
 12500K .......... .......... .......... .......... .......... 62% 13.5M 0s
 12550K .......... .......... .......... .......... .......... 62% 93.6M 0s
 12600K .......... .......... .......... .......... .......... 62% 4.77M 0s
 12650K .......... .......... .......... .......... .......... 63% 85.4M 0s
 12700K .......... .......... .......... .......... .......... 63% 79.0M 0s
 12750K .......... .......... .......... .......... .......... 63% 60.0M 0s
 12800K .......... .......... .......... .......... .......... 63% 74.0M 0s
 12850K .......... .......... .......... .......... .......... 64% 57.8M 0s
 12900K .......... .......... .......... .......... .......... 64% 32.7M 0s
 12950K .......... .......... .......... .......... .......... 64% 36.8M 0s
 13000K .......... .......... .......... .......... .......... 64%  103M 0s
 13050K .......... .......... .......... .......... .......... 65% 22.1M 0s
 13100K .......... .......... .......... .......... .......... 65% 63.6M 0s
 13150K .......... .......... .......... .......... .......... 65% 95.7M 0s
 13200K .......... .......... .......... .......... .......... 65% 84.5M 0s
 13250K .......... .......... .......... .......... .......... 66% 20.8M 0s
 13300K .......... .......... .......... .......... .......... 66% 58.0M 0s
 13350K .......... .......... .......... .......... .......... 66% 69.6M 0s
 13400K .......... .......... .......... .......... .......... 66% 96.0M 0s
 13450K .......... .......... .......... .......... .......... 67% 21.3M 0s
 13500K .......... .......... .......... .......... .......... 67% 63.4M 0s
 13550K .......... .......... .......... .......... .......... 67% 92.6M 0s
 13600K .......... .......... .......... .......... .......... 67% 90.4M 0s
 13650K .......... .......... .......... .......... .......... 68% 21.6M 0s
 13700K .......... .......... .......... .......... .......... 68% 7.19M 0s
 13750K .......... .......... .......... .......... .......... 68% 62.6M 0s
 13800K .......... .......... .......... .......... .......... 68% 24.1M 0s
 13850K .......... .......... .......... .......... .......... 69% 66.9M 0s
 13900K .......... .......... .......... .......... .......... 69% 60.9M 0s
 13950K .......... .......... .......... .......... .......... 69% 10.8M 0s
 14000K .......... .......... .......... .......... .......... 69% 74.6M 0s
 14050K .......... .......... .......... .......... .......... 70% 62.3M 0s
 14100K .......... .......... .......... .......... .......... 70% 62.4M 0s
 14150K .......... .......... .......... .......... .......... 70% 61.4M 0s
 14200K .......... .......... .......... .......... .......... 70% 57.5M 0s
 14250K .......... .......... .......... .......... .......... 71% 61.4M 0s
 14300K .......... .......... .......... .......... .......... 71% 5.46M 0s
 14350K .......... .......... .......... .......... .......... 71% 97.6M 0s
 14400K .......... .......... .......... .......... .......... 71% 92.9M 0s
 14450K .......... .......... .......... .......... .......... 72% 39.3M 0s
 14500K .......... .......... .......... .......... .......... 72% 73.5M 0s
 14550K .......... .......... .......... .......... .......... 72% 37.8M 0s
 14600K .......... .......... .......... .......... .......... 72% 29.0M 0s
 14650K .......... .......... .......... .......... .......... 73% 48.3M 0s
 14700K .......... .......... .......... .......... .......... 73% 24.3M 0s
 14750K .......... .......... .......... .......... .......... 73% 63.4M 0s
 14800K .......... .......... .......... .......... .......... 73% 87.1M 0s
 14850K .......... .......... .......... .......... .......... 74% 48.8M 0s
 14900K .......... .......... .......... .......... .......... 74% 14.2M 0s
 14950K .......... .......... .......... .......... .......... 74% 55.6M 0s
 15000K .......... .......... .......... .......... .......... 74% 60.6M 0s
 15050K .......... .......... .......... .......... .......... 75% 59.5M 0s
 15100K .......... .......... .......... .......... .......... 75% 66.7M 0s
 15150K .......... .......... .......... .......... .......... 75% 5.67M 0s
 15200K .......... .......... .......... .......... .......... 75% 12.3M 0s
 15250K .......... .......... .......... .......... .......... 76% 92.7M 0s
 15300K .......... .......... .......... .......... .......... 76% 96.3M 0s
 15350K .......... .......... .......... .......... .......... 76% 83.5M 0s
 15400K .......... .......... .......... .......... .......... 76% 58.5M 0s
 15450K .......... .......... .......... .......... .......... 77% 58.2M 0s
 15500K .......... .......... .......... .......... .......... 77% 55.7M 0s
 15550K .......... .......... .......... .......... .......... 77% 68.1M 0s
 15600K .......... .......... .......... .......... .......... 77% 23.9M 0s
 15650K .......... .......... .......... .......... .......... 78% 55.1M 0s
 15700K .......... .......... .......... .......... .......... 78% 56.3M 0s
 15750K .......... .......... .......... .......... .......... 78% 25.4M 0s
 15800K .......... .......... .......... .......... .......... 78% 95.7M 0s
 15850K .......... .......... .......... .......... .......... 79% 90.4M 0s
 15900K .......... .......... .......... .......... .......... 79% 33.8M 0s
 15950K .......... .......... .......... .......... .......... 79% 34.2M 0s
 16000K .......... .......... .......... .......... .......... 79% 4.20M 0s
 16050K .......... .......... .......... .......... .......... 80% 29.7M 0s
 16100K .......... .......... .......... .......... .......... 80% 85.5M 0s
 16150K .......... .......... .......... .......... .......... 80% 62.0M 0s
 16200K .......... .......... .......... .......... .......... 80% 30.7M 0s
 16250K .......... .......... .......... .......... .......... 81% 46.4M 0s
 16300K .......... .......... .......... .......... .......... 81% 24.4M 0s
 16350K .......... .......... .......... .......... .......... 81% 91.7M 0s
 16400K .......... .......... .......... .......... .......... 81% 83.9M 0s
 16450K .......... .......... .......... .......... .......... 82% 56.8M 0s
 16500K .......... .......... .......... .......... .......... 82% 21.8M 0s
 16550K .......... .......... .......... .......... .......... 82% 60.1M 0s
 16600K .......... .......... .......... .......... .......... 82% 90.4M 0s
 16650K .......... .......... .......... .......... .......... 83% 34.0M 0s
 16700K .......... .......... .......... .......... .......... 83% 16.7M 0s
 16750K .......... .......... .......... .......... .......... 83% 92.9M 0s
 16800K .......... .......... .......... .......... .......... 83% 63.3M 0s
 16850K .......... .......... .......... .......... .......... 84% 63.3M 0s
 16900K .......... .......... .......... .......... .......... 84% 58.1M 0s
 16950K .......... .......... .......... .......... .......... 84% 35.5M 0s
 17000K .......... .......... .......... .......... .......... 84% 29.0M 0s
 17050K .......... .......... .......... .......... .......... 85% 63.0M 0s
 17100K .......... .......... .......... .......... .......... 85% 8.95M 0s
 17150K .......... .......... .......... .......... .......... 85% 6.05M 0s
 17200K .......... .......... .......... .......... .......... 85% 92.8M 0s
 17250K .......... .......... .......... .......... .......... 86%  110M 0s
 17300K .......... .......... .......... .......... .......... 86% 92.8M 0s
 17350K .......... .......... .......... .......... .......... 86% 91.9M 0s
 17400K .......... .......... .......... .......... .......... 86% 94.5M 0s
 17450K .......... .......... .......... .......... .......... 87% 95.6M 0s
 17500K .......... .......... .......... .......... .......... 87% 90.7M 0s
 17550K .......... .......... .......... .......... .......... 87% 91.1M 0s
 17600K .......... .......... .......... .......... .......... 87% 67.8M 0s
 17650K .......... .......... .......... .......... .......... 88% 62.5M 0s
 17700K .......... .......... .......... .......... .......... 88% 66.5M 0s
 17750K .......... .......... .......... .......... .......... 88% 53.8M 0s
 17800K .......... .......... .......... .......... .......... 88% 22.0M 0s
 17850K .......... .......... .......... .......... .......... 89% 62.8M 0s
 17900K .......... .......... .......... .......... .......... 89% 47.8M 0s
 17950K .......... .......... .......... .......... .......... 89% 21.2M 0s
 18000K .......... .......... .......... .......... .......... 89% 5.32M 0s
 18050K .......... .......... .......... .......... .......... 90% 72.4M 0s
 18100K .......... .......... .......... .......... .......... 90% 45.5M 0s
 18150K .......... .......... .......... .......... .......... 90% 13.8M 0s
 18200K .......... .......... .......... .......... .......... 90% 92.6M 0s
 18250K .......... .......... .......... .......... .......... 91% 66.5M 0s
 18300K .......... .......... .......... .......... .......... 91% 58.7M 0s
 18350K .......... .......... .......... .......... .......... 91% 57.1M 0s
 18400K .......... .......... .......... .......... .......... 91% 54.3M 0s
 18450K .......... .......... .......... .......... .......... 92% 58.5M 0s
 18500K .......... .......... .......... .......... .......... 92% 27.1M 0s
 18550K .......... .......... .......... .......... .......... 92% 70.8M 0s
 18600K .......... .......... .......... .......... .......... 92% 10.7M 0s
 18650K .......... .......... .......... .......... .......... 93% 65.0M 0s
 18700K .......... .......... .......... .......... .......... 93% 60.6M 0s
 18750K .......... .......... .......... .......... .......... 93% 57.1M 0s
 18800K .......... .......... .......... .......... .......... 93% 31.1M 0s
 18850K .......... .......... .......... .......... .......... 94% 6.27M 0s
 18900K .......... .......... .......... .......... .......... 94% 96.7M 0s
 18950K .......... .......... .......... .......... .......... 94%  103M 0s
 19000K .......... .......... .......... .......... .......... 94% 94.2M 0s
 19050K .......... .......... .......... .......... .......... 95% 65.7M 0s
 19100K .......... .......... .......... .......... .......... 95% 23.6M 0s
 19150K .......... .......... .......... .......... .......... 95% 91.5M 0s
 19200K .......... .......... .......... .......... .......... 95% 95.5M 0s
 19250K .......... .......... .......... .......... .......... 96% 89.3M 0s
 19300K .......... .......... .......... .......... .......... 96% 22.6M 0s
 19350K .......... .......... .......... .......... .......... 96% 98.8M 0s
 19400K .......... .......... .......... .......... .......... 96%  106M 0s
 19450K .......... .......... .......... .......... .......... 97% 86.3M 0s
 19500K .......... .......... .......... .......... .......... 97% 95.5M 0s
 19550K .......... .......... .......... .......... .......... 97% 94.9M 0s
 19600K .......... .......... .......... .......... .......... 97% 8.94M 0s
 19650K .......... .......... .......... .......... .......... 98% 95.7M 0s
 19700K .......... .......... .......... .......... .......... 98% 95.3M 0s
 19750K .......... .......... .......... .......... .......... 98% 91.3M 0s
 19800K .......... .......... .......... .......... .......... 98%  103M 0s
 19850K .......... .......... .......... .......... .......... 99% 92.0M 0s
 19900K .......... .......... .......... .......... .......... 99% 7.57M 0s
 19950K .......... .......... .......... .......... .......... 99% 86.6M 0s
 20000K .......... .......... .......... .......... .......... 99% 95.0M 0s
 20050K .......... .......... .......... ....                 100%  101M=0.7s

2021-01-06 13:24:50 (30.0 MB/s) - ‘/tmp/platform-engine.zip’ saved [20566741/20566741]

Archive:  /tmp/platform-engine.zip
  inflating: /opt/elasticbeanstalk/bin/get-config  
  inflating: /opt/elasticbeanstalk/bin/publishlogs  
  inflating: /opt/elasticbeanstalk/bin/platform-engine  
  inflating: /opt/elasticbeanstalk/config/private/sqsd/default.yaml.template  
  inflating: /opt/elasticbeanstalk/config/private/sqsd/sqsdversion.json  
  inflating: /opt/elasticbeanstalk/config/private/aws-eb.target  
  inflating: /opt/elasticbeanstalk/config/private/guidlocking/repo.py  
  inflating: /opt/elasticbeanstalk/config/private/beanstalk-magic  
  inflating: /opt/elasticbeanstalk/config/private/systemd-append.template  
  inflating: /opt/elasticbeanstalk/config/private/aws-eb-command-handler.conf  
  inflating: /opt/elasticbeanstalk/config/private/eb-banner  
  inflating: /opt/elasticbeanstalk/config/private/httpd/httpd.conf.template  
  inflating: /opt/elasticbeanstalk/config/private/httpd/gzip.conf  
  inflating: /opt/elasticbeanstalk/config/private/httpd/applicationport.conf.template  
  inflating: /opt/elasticbeanstalk/config/private/httpd/staticfilesmapping.conf.template  
  inflating: /opt/elasticbeanstalk/config/private/systemd.template  
  inflating: /opt/elasticbeanstalk/config/private/logrotate/logrotate-cron.template  
  inflating: /opt/elasticbeanstalk/config/private/logrotate/logrotate.template  
  inflating: /opt/elasticbeanstalk/config/private/containercommandsupport/container-defaults.sh  
  inflating: /opt/elasticbeanstalk/config/private/containercommandsupport/leader-test.sh  
  inflating: /opt/elasticbeanstalk/config/private/tomcat/7/server.xml  
  inflating: /opt/elasticbeanstalk/config/private/tomcat/7/logging.properties  
  inflating: /opt/elasticbeanstalk/config/private/tomcat/8.5/server.xml  
  inflating: /opt/elasticbeanstalk/config/private/tomcat/8.5/logging.properties  
  inflating: /opt/elasticbeanstalk/config/private/tomcat/server  
  inflating: /opt/elasticbeanstalk/config/private/logtasks/cron/publishlogs  
  inflating: /opt/elasticbeanstalk/config/private/rsyslog.conf.template  
  inflating: /opt/elasticbeanstalk/config/private/cfn-hup.conf.template  
  inflating: /opt/elasticbeanstalk/config/private/nginx/nginx.conf.template  
  inflating: /opt/elasticbeanstalk/config/private/nginx/applicationport.conf.template  
  inflating: /opt/elasticbeanstalk/config/private/nginx/staticfilesmapping.conf.template  
 extracting: /opt/elasticbeanstalk/config/private/restartcfn.sh  
  inflating: /opt/elasticbeanstalk/config/private/cfn-hup-wrapper  
  inflating: /opt/elasticbeanstalk/config/private/ruby_common_env  
  inflating: /opt/elasticbeanstalk/config/private/healthd/config.yaml.template  
  inflating: /opt/elasticbeanstalk/config/private/healthd/healthd_httpd.conf  
 extracting: /opt/elasticbeanstalk/config/private/healthd/healthddependency  
  inflating: /opt/elasticbeanstalk/config/private/healthd/healthd_nginx.conf  
  inflating: /opt/elasticbeanstalk/config/private/healthd/healthd_logformat.conf  
  inflating: /opt/elasticbeanstalk/config/private/healthd/logcleanup-cron.template  
 extracting: /opt/elasticbeanstalk/tasks/bundlelogs.d/rotate.conf  
 extracting: /opt/elasticbeanstalk/tasks/bundlelogs.d/eb-hooks.conf  
  inflating: /opt/elasticbeanstalk/tasks/bundlelogs.d/cfn-system.conf  
  inflating: /opt/elasticbeanstalk/tasks/bundlelogs.d/system.conf  
  inflating: /opt/elasticbeanstalk/tasks/bundlelogs.d/eb-app.conf  
  inflating: /opt/elasticbeanstalk/tasks/bundlelogs.d/eb-system.conf  
 extracting: /opt/elasticbeanstalk/tasks/bundlelogs.d/cloud-init-system.conf  
 extracting: /opt/elasticbeanstalk/tasks/publishlogs.d/eb-app.conf  
  inflating: /opt/elasticbeanstalk/tasks/taillogs.d/eb-engine.conf  
[2021-01-06T13:24:54.889Z] Successfully bootstrapped instance.
[2021-01-06T13:24:54.916Z] Sending signal 0 to CFN wait condition https://cloudformation-waitcondition-us-east-1.s3.amazonaws.com/arn%3Aaws%3Acloudformation%3Aus-east-1%3A172172108913%3Astack/awseb-e-be4trbcbjn-stack/5d6ac2c0-5022-11eb-b5a6-0e11b1578967/AWSEBInstanceLaunchWaitHandle?X-Amz-Algorithm=AWS4-HMAC-SHA256&X-Amz-Date=20210106T132335Z&X-Amz-SignedHeaders=host&X-Amz-Expires=86399&X-Amz-Credential=AKIAIIT3CWAIMJYUTISA%2F20210106%2Fus-east-1%2Fs3%2Faws4_request&X-Amz-Signature=d368a630d5dfa05330815156a58f10e15e25da6842edf0d1c57dcd53260509cc
CloudFormation signaled successfully with SUCCESS.
[2021-01-06T13:24:55.765Z] Tailing /var/log/eb-commandprocessor.log

******************* eb-commandprocessor taillog *******************
***eb-commandprocessor is not available yet.***
******************* End of taillog *******************


[2021-01-06T13:24:55.784Z] Tailing /var/log/eb-activity.log

******************* eb-activity taillog *******************
***eb-activity is not available yet.***
******************* End of taillog *******************


[2021-01-06T13:24:55.801Z] Tailing /var/log/eb-tools.log

******************* eb-tools taillog *******************
***eb-tools is not available yet.***
******************* End of taillog *******************


[2021-01-06T13:24:55.815Z] Tailing /var/log/eb-version-deployment.log

******************* eb-version-deployment taillog *******************
***eb-version-deployment is not available yet.***
******************* End of taillog *******************


[2021-01-06T13:24:55.830Z] Tailing /var/log/cfn-init.log

******************* cfn-init taillog *******************
2021-01-06 13:24:48,987 [INFO] -----------------------Starting build-----------------------
2021-01-06 13:24:49,000 [INFO] Running configSets: _OnInstanceBoot
2021-01-06 13:24:49,008 [INFO] Running configSet _OnInstanceBoot
2021-01-06 13:24:49,016 [INFO] Running config AWSEBBaseConfig
2021-01-06 13:24:49,252 [INFO] Command clearbackupfiles succeeded
2021-01-06 13:24:49,256 [INFO] Running config AWSEBCfnHupEndpointOverride
2021-01-06 13:24:49,271 [INFO] Command clearbackupfiles succeeded
2021-01-06 13:24:49,273 [INFO] ConfigSets completed
2021-01-06 13:24:49,273 [INFO] -----------------------Build complete-----------------------
******************* End of taillog *******************


[2021-01-06T13:24:55.857Z] Tailing /var/log/cfn-hup.log

******************* cfn-hup taillog *******************
2021-01-06 13:24:55,537 [DEBUG] CloudFormation client initialized with endpoint https://cloudformation.us-east-1.amazonaws.com
2021-01-06 13:24:55,538 [DEBUG] SQS client initialized with endpoint https://sqs.us-east-1.amazonaws.com
2021-01-06 13:24:55,538 [DEBUG] CloudFormation client initialized with endpoint https://cloudformation.us-east-1.amazonaws.com
2021-01-06 13:24:55,538 [DEBUG] Enabled single threading mode.
2021-01-06 13:24:55,538 [DEBUG] Creating /var/lib/cfn-hup/data
2021-01-06 13:24:55,596 [INFO] No umask value specified in config file. Using the default one: 022
******************* End of taillog *******************


[2021-01-06T13:24:55.880Z] Completed EB Bootstrapping Script.
+ RESULT=0
+ [[ 0 -ne 0 ]]
+ exit 0
